==============================================================================
Suites                                                                        
==============================================================================
Suites.Forloop                                                                
==============================================================================
forLoop1                                                              1
2
3
4
5
6
7
8
9
| PASS |
------------------------------------------------------------------------------
forloop2                                                              1
2
3
4
5
| PASS |
------------------------------------------------------------------------------
forloop3List                                                          22
23
33
55
| PASS |
------------------------------------------------------------------------------
forloopstrings                                                        Navin
Neha
Gani
Ishika
| PASS |
------------------------------------------------------------------------------
forLoopWithExit                                                       22
23
33
| PASS |
------------------------------------------------------------------------------
Suites.Forloop                                                        | PASS |
5 tests, 5 passed, 0 failed
==============================================================================
Suites                                                                | PASS |
5 tests, 5 passed, 0 failed
==============================================================================
Output:  /Users/devayanaimohanty/Desktop/Python_Project/Python_robot/pabot_results/2/output.xml
