==============================================================================
Suites                                                                        
==============================================================================
Suites.getAllLinks                                                            
==============================================================================
getLinksall                                                           12


Home
HomeuhNdZ
Created
No Content
Moved
Bad Request
Unauthorized
Forbidden
Not Found

| PASS |
------------------------------------------------------------------------------
Suites.getAllLinks                                                    | PASS |
1 test, 1 passed, 0 failed
==============================================================================
Suites                                                                | PASS |
1 test, 1 passed, 0 failed
==============================================================================
Output:  /Users/devayanaimohanty/Desktop/Python_Project/Python_robot/ResultsNew/pabot_results/4/output.xml
